<?xml version="1.0" encoding="UTF-8"?>
<!-- Generated by org.testng.reporters.JUnitReportReporter -->
<testsuite skipped="0" hostname="DLDB0025" name="hristest.TestNGtest" tests="2" failures="0" timestamp="22 Jun 2018 10:49:24 GMT" time="1.102" errors="0">
  <testcase name="Login_With_No_Password_Shows_Red_Password_Field" time="0.259" classname="hristest.TestNGtest"/>
  <testcase name="Login_With_Incorrect_Password_ShowsError_Message" time="0.843" classname="hristest.TestNGtest"/>
</testsuite> <!-- hristest.TestNGtest -->
